  [1m[36m (120.7ms)[0m  [1mCREATE TABLE "schema_migrations" ("version" varchar NOT NULL) [0m
  [1m[35m (0.1ms)[0m  select sqlite_version(*)
  [1m[36m (99.9ms)[0m  [1mCREATE UNIQUE INDEX "unique_schema_migrations" ON "schema_migrations" ("version")[0m
  [1m[35mActiveRecord::SchemaMigration Load (0.1ms)[0m  SELECT "schema_migrations".* FROM "schema_migrations"
Migrating to CreateStudents (20151130210232)
  [1m[36m (0.1ms)[0m  [1mbegin transaction[0m
  [1m[35m (0.3ms)[0m  CREATE TABLE "students" ("id" INTEGER PRIMARY KEY AUTOINCREMENT NOT NULL, "first" varchar, "last" varchar, "email" varchar, "created_at" datetime NOT NULL, "updated_at" datetime NOT NULL) 
  [1m[36mSQL (0.2ms)[0m  [1mINSERT INTO "schema_migrations" ("version") VALUES (?)[0m  [["version", "20151130210232"]]
  [1m[35m (98.9ms)[0m  commit transaction
Migrating to CreateTalents (20151130210337)
  [1m[36m (0.1ms)[0m  [1mbegin transaction[0m
  [1m[35m (0.2ms)[0m  CREATE TABLE "talents" ("id" INTEGER PRIMARY KEY AUTOINCREMENT NOT NULL, "talent" varchar, "created_at" datetime NOT NULL, "updated_at" datetime NOT NULL) 
  [1m[36mSQL (0.1ms)[0m  [1mINSERT INTO "schema_migrations" ("version") VALUES (?)[0m  [["version", "20151130210337"]]
  [1m[35m (98.1ms)[0m  commit transaction
Migrating to CreateStudentsTalents (20151130210402)
  [1m[36m (0.1ms)[0m  [1mbegin transaction[0m
  [1m[35m (0.2ms)[0m  CREATE TABLE "students_talents" ("id" INTEGER PRIMARY KEY AUTOINCREMENT NOT NULL, "student_id" integer, "talent_id" integer) 
  [1m[36mSQL (0.1ms)[0m  [1mINSERT INTO "schema_migrations" ("version") VALUES (?)[0m  [["version", "20151130210402"]]
  [1m[35m (87.7ms)[0m  commit transaction
  [1m[36mActiveRecord::SchemaMigration Load (0.1ms)[0m  [1mSELECT "schema_migrations".* FROM "schema_migrations"[0m


Started GET "/students" for 127.0.0.1 at 2015-12-02 12:14:55 -0800
  [1m[36mActiveRecord::SchemaMigration Load (0.1ms)[0m  [1mSELECT "schema_migrations".* FROM "schema_migrations"[0m
Processing by StudentsController#index as HTML
  [1m[35mStudent Load (0.1ms)[0m  SELECT "students".* FROM "students"
  Rendered students/index.html.erb within layouts/application (2.6ms)
Completed 200 OK in 1083ms (Views: 1067.9ms | ActiveRecord: 0.2ms)


Started GET "/assets/scaffolds.self-f87378e1e5631c5a0f31ad47b32252c011022219136b0656774854af17337f14.css?body=1" for 127.0.0.1 at 2015-12-02 12:14:57 -0800


Started GET "/students/new" for 127.0.0.1 at 2015-12-02 12:15:09 -0800
Processing by StudentsController#new as HTML
  Rendered students/_form.html.erb (81.3ms)
  Rendered students/new.html.erb within layouts/application (92.8ms)
Completed 200 OK in 150ms (Views: 139.3ms | ActiveRecord: 0.3ms)


Started POST "/students" for 127.0.0.1 at 2015-12-02 12:15:35 -0800
Processing by StudentsController#create as HTML
  Parameters: {"utf8"=>"✓", "authenticity_token"=>"vQywN7vYID3h7iqcaY3OMKQbN50lZW2PRFSpxLSLM45Xx1Yp6g6g8uOQaAO78iUI/lW25AYReidVdVrBuv/JFQ==", "student"=>{"first"=>"John", "last"=>"Smith", "email"=>"js@gmail.com"}, "commit"=>"Create Student"}
  [1m[36m (0.2ms)[0m  [1mbegin transaction[0m
  [1m[35mSQL (0.3ms)[0m  INSERT INTO "students" ("first", "last", "email", "created_at", "updated_at") VALUES (?, ?, ?, ?, ?)  [["first", "John"], ["last", "Smith"], ["email", "js@gmail.com"], ["created_at", "2015-12-02 20:15:35.891637"], ["updated_at", "2015-12-02 20:15:35.891637"]]
  [1m[36m (154.5ms)[0m  [1mcommit transaction[0m
Redirected to http://localhost:3000/students/1
Completed 302 Found in 194ms (ActiveRecord: 154.9ms)


Started GET "/students/1" for 127.0.0.1 at 2015-12-02 12:15:36 -0800
Processing by StudentsController#show as HTML
  Parameters: {"id"=>"1"}
  [1m[35mStudent Load (0.2ms)[0m  SELECT  "students".* FROM "students" WHERE "students"."id" = ? LIMIT 1  [["id", 1]]
  Rendered students/show.html.erb within layouts/application (0.7ms)
Completed 200 OK in 70ms (Views: 32.9ms | ActiveRecord: 0.2ms)


Started GET "/students" for 127.0.0.1 at 2015-12-02 12:15:38 -0800
Processing by StudentsController#index as HTML
  [1m[36mStudent Load (0.1ms)[0m  [1mSELECT "students".* FROM "students"[0m
  Rendered students/index.html.erb within layouts/application (1.2ms)
Completed 200 OK in 22ms (Views: 21.6ms | ActiveRecord: 0.1ms)


Started GET "/students/new" for 127.0.0.1 at 2015-12-02 12:15:41 -0800
Processing by StudentsController#new as HTML
  Rendered students/_form.html.erb (2.4ms)
  Rendered students/new.html.erb within layouts/application (3.8ms)
Completed 200 OK in 33ms (Views: 31.6ms | ActiveRecord: 0.0ms)


Started POST "/students" for 127.0.0.1 at 2015-12-02 12:15:58 -0800
Processing by StudentsController#create as HTML
  Parameters: {"utf8"=>"✓", "authenticity_token"=>"514AaEGaxiqbiUN+oZrkm8ukruxZ6Ad7GPMnLc+WR38NleZ2EExG5Zn3AeFz5Q+jkeovlXqcENMJ0tQoweK95A==", "student"=>{"first"=>"Mark", "last"=>"Zonks", "email"=>"mz@yahoo.com"}, "commit"=>"Create Student"}
  [1m[35m (0.1ms)[0m  begin transaction
  [1m[36mSQL (0.2ms)[0m  [1mINSERT INTO "students" ("first", "last", "email", "created_at", "updated_at") VALUES (?, ?, ?, ?, ?)[0m  [["first", "Mark"], ["last", "Zonks"], ["email", "mz@yahoo.com"], ["created_at", "2015-12-02 20:15:58.902003"], ["updated_at", "2015-12-02 20:15:58.902003"]]
  [1m[35m (245.6ms)[0m  commit transaction
Redirected to http://localhost:3000/students/2
Completed 302 Found in 249ms (ActiveRecord: 245.9ms)


Started GET "/students/2" for 127.0.0.1 at 2015-12-02 12:15:59 -0800
Processing by StudentsController#show as HTML
  Parameters: {"id"=>"2"}
  [1m[36mStudent Load (0.1ms)[0m  [1mSELECT  "students".* FROM "students" WHERE "students"."id" = ? LIMIT 1[0m  [["id", 2]]
  Rendered students/show.html.erb within layouts/application (0.4ms)
Completed 200 OK in 21ms (Views: 20.6ms | ActiveRecord: 0.1ms)


Started GET "/students" for 127.0.0.1 at 2015-12-02 12:16:01 -0800
Processing by StudentsController#index as HTML
  [1m[35mStudent Load (0.1ms)[0m  SELECT "students".* FROM "students"
  Rendered students/index.html.erb within layouts/application (0.9ms)
Completed 200 OK in 21ms (Views: 20.9ms | ActiveRecord: 0.1ms)


Started GET "/students/new" for 127.0.0.1 at 2015-12-02 12:16:04 -0800
Processing by StudentsController#new as HTML
  Rendered students/_form.html.erb (1.3ms)
  Rendered students/new.html.erb within layouts/application (1.8ms)
Completed 200 OK in 25ms (Views: 24.5ms | ActiveRecord: 0.0ms)


Started POST "/students" for 127.0.0.1 at 2015-12-02 12:16:23 -0800
Processing by StudentsController#create as HTML
  Parameters: {"utf8"=>"✓", "authenticity_token"=>"4qBk+sJXlAnsH4MKFHiBDhvwTshbkwXq6PFNoICPFw8Ia4Lkk4EUxu5hwZXGB2o2Qb7PsXjnEkL50L6ljvvtlA==", "student"=>{"first"=>"Jane", "last"=>"Song", "email"=>"janes@msn.com"}, "commit"=>"Create Student"}
  [1m[36m (0.3ms)[0m  [1mbegin transaction[0m
  [1m[35mSQL (0.2ms)[0m  INSERT INTO "students" ("first", "last", "email", "created_at", "updated_at") VALUES (?, ?, ?, ?, ?)  [["first", "Jane"], ["last", "Song"], ["email", "janes@msn.com"], ["created_at", "2015-12-02 20:16:23.898490"], ["updated_at", "2015-12-02 20:16:23.898490"]]
  [1m[36m (217.0ms)[0m  [1mcommit transaction[0m
Redirected to http://localhost:3000/students/3
Completed 302 Found in 221ms (ActiveRecord: 217.5ms)


Started GET "/students/3" for 127.0.0.1 at 2015-12-02 12:16:24 -0800
Processing by StudentsController#show as HTML
  Parameters: {"id"=>"3"}
  [1m[35mStudent Load (0.1ms)[0m  SELECT  "students".* FROM "students" WHERE "students"."id" = ? LIMIT 1  [["id", 3]]
  Rendered students/show.html.erb within layouts/application (0.3ms)
Completed 200 OK in 28ms (Views: 27.6ms | ActiveRecord: 0.1ms)


Started GET "/talents" for 127.0.0.1 at 2015-12-02 12:16:31 -0800
Processing by TalentsController#index as HTML
  [1m[36mTalent Load (0.2ms)[0m  [1mSELECT "talents".* FROM "talents"[0m
  Rendered talents/index.html.erb within layouts/application (1.6ms)
Completed 200 OK in 47ms (Views: 39.3ms | ActiveRecord: 0.3ms)


Started GET "/talents/new" for 127.0.0.1 at 2015-12-02 12:16:34 -0800
Processing by TalentsController#new as HTML
  Rendered talents/_form.html.erb (52.3ms)
  Rendered talents/new.html.erb within layouts/application (53.2ms)
Completed 500 Internal Server Error in 60ms (ActiveRecord: 0.1ms)

ActionView::Template::Error (undefined method `association' for #<ActionView::Helpers::FormBuilder:0x007f0a55645a80>):
    16:     <%= f.text_field :talent %>
    17:   </div>
    18:   <div>
    19:     <%= f.association :students %>
    20:   </div>
    21:   <div class="actions">
    22:     <%= f.submit %>
  app/views/talents/_form.html.erb:19:in `block in _app_views_talents__form_html_erb__2467836762399326516_69841179687740'
  app/views/talents/_form.html.erb:1:in `_app_views_talents__form_html_erb__2467836762399326516_69841179687740'
  app/views/talents/new.html.erb:3:in `_app_views_talents_new_html_erb___3972647426012364582_69841179808460'


  Rendered /home/nick/.rbenv/versions/2.2.3/lib/ruby/gems/2.2.0/gems/actionpack-4.2.4/lib/action_dispatch/middleware/templates/rescues/_source.erb (4.7ms)
  Rendered /home/nick/.rbenv/versions/2.2.3/lib/ruby/gems/2.2.0/gems/actionpack-4.2.4/lib/action_dispatch/middleware/templates/rescues/_trace.html.erb (2.0ms)
  Rendered /home/nick/.rbenv/versions/2.2.3/lib/ruby/gems/2.2.0/gems/actionpack-4.2.4/lib/action_dispatch/middleware/templates/rescues/_request_and_response.html.erb (1.1ms)
  Rendered /home/nick/.rbenv/versions/2.2.3/lib/ruby/gems/2.2.0/gems/actionpack-4.2.4/lib/action_dispatch/middleware/templates/rescues/template_error.html.erb within rescues/layout (22.5ms)
  Rendered /home/nick/.rbenv/versions/2.2.3/lib/ruby/gems/2.2.0/gems/web-console-2.2.1/lib/web_console/templates/_markup.html.erb (0.2ms)
  Rendered /home/nick/.rbenv/versions/2.2.3/lib/ruby/gems/2.2.0/gems/web-console-2.2.1/lib/web_console/templates/_inner_console_markup.html.erb within layouts/inlined_string (0.2ms)
  Rendered /home/nick/.rbenv/versions/2.2.3/lib/ruby/gems/2.2.0/gems/web-console-2.2.1/lib/web_console/templates/_prompt_box_markup.html.erb within layouts/inlined_string (0.2ms)
  Rendered /home/nick/.rbenv/versions/2.2.3/lib/ruby/gems/2.2.0/gems/web-console-2.2.1/lib/web_console/templates/style.css.erb within layouts/inlined_string (0.2ms)
  Rendered /home/nick/.rbenv/versions/2.2.3/lib/ruby/gems/2.2.0/gems/web-console-2.2.1/lib/web_console/templates/console.js.erb within layouts/javascript (12.5ms)
  Rendered /home/nick/.rbenv/versions/2.2.3/lib/ruby/gems/2.2.0/gems/web-console-2.2.1/lib/web_console/templates/main.js.erb within layouts/javascript (0.3ms)
  Rendered /home/nick/.rbenv/versions/2.2.3/lib/ruby/gems/2.2.0/gems/web-console-2.2.1/lib/web_console/templates/error_page.js.erb within layouts/javascript (0.3ms)
  Rendered /home/nick/.rbenv/versions/2.2.3/lib/ruby/gems/2.2.0/gems/web-console-2.2.1/lib/web_console/templates/index.html.erb (27.0ms)


Started GET "/talents/new" for 127.0.0.1 at 2015-12-02 12:16:34 -0800
Processing by TalentsController#new as HTML
  Rendered talents/_form.html.erb (9.2ms)
  Rendered talents/new.html.erb within layouts/application (9.9ms)
Completed 500 Internal Server Error in 11ms (ActiveRecord: 0.0ms)

ActionView::Template::Error (undefined method `association' for #<ActionView::Helpers::FormBuilder:0x007f0a5639f578>):
    16:     <%= f.text_field :talent %>
    17:   </div>
    18:   <div>
    19:     <%= f.association :students %>
    20:   </div>
    21:   <div class="actions">
    22:     <%= f.submit %>
  app/views/talents/_form.html.erb:19:in `block in _app_views_talents__form_html_erb__2467836762399326516_69841188139920'
  app/views/talents/_form.html.erb:1:in `_app_views_talents__form_html_erb__2467836762399326516_69841188139920'
  app/views/talents/new.html.erb:3:in `_app_views_talents_new_html_erb___3972647426012364582_69841182490840'


  Rendered /home/nick/.rbenv/versions/2.2.3/lib/ruby/gems/2.2.0/gems/actionpack-4.2.4/lib/action_dispatch/middleware/templates/rescues/_source.erb (4.2ms)
  Rendered /home/nick/.rbenv/versions/2.2.3/lib/ruby/gems/2.2.0/gems/actionpack-4.2.4/lib/action_dispatch/middleware/templates/rescues/_trace.html.erb (1.8ms)
  Rendered /home/nick/.rbenv/versions/2.2.3/lib/ruby/gems/2.2.0/gems/actionpack-4.2.4/lib/action_dispatch/middleware/templates/rescues/_request_and_response.html.erb (7.4ms)
  Rendered /home/nick/.rbenv/versions/2.2.3/lib/ruby/gems/2.2.0/gems/actionpack-4.2.4/lib/action_dispatch/middleware/templates/rescues/template_error.html.erb within rescues/layout (23.7ms)
  Rendered /home/nick/.rbenv/versions/2.2.3/lib/ruby/gems/2.2.0/gems/web-console-2.2.1/lib/web_console/templates/_markup.html.erb (0.2ms)
  Rendered /home/nick/.rbenv/versions/2.2.3/lib/ruby/gems/2.2.0/gems/web-console-2.2.1/lib/web_console/templates/_inner_console_markup.html.erb within layouts/inlined_string (0.3ms)
  Rendered /home/nick/.rbenv/versions/2.2.3/lib/ruby/gems/2.2.0/gems/web-console-2.2.1/lib/web_console/templates/_prompt_box_markup.html.erb within layouts/inlined_string (0.2ms)
  Rendered /home/nick/.rbenv/versions/2.2.3/lib/ruby/gems/2.2.0/gems/web-console-2.2.1/lib/web_console/templates/style.css.erb within layouts/inlined_string (0.2ms)
  Rendered /home/nick/.rbenv/versions/2.2.3/lib/ruby/gems/2.2.0/gems/web-console-2.2.1/lib/web_console/templates/console.js.erb within layouts/javascript (12.4ms)
  Rendered /home/nick/.rbenv/versions/2.2.3/lib/ruby/gems/2.2.0/gems/web-console-2.2.1/lib/web_console/templates/main.js.erb within layouts/javascript (0.2ms)
  Rendered /home/nick/.rbenv/versions/2.2.3/lib/ruby/gems/2.2.0/gems/web-console-2.2.1/lib/web_console/templates/error_page.js.erb within layouts/javascript (0.2ms)
  Rendered /home/nick/.rbenv/versions/2.2.3/lib/ruby/gems/2.2.0/gems/web-console-2.2.1/lib/web_console/templates/index.html.erb (24.4ms)


Started GET "/talents/new" for 127.0.0.1 at 2015-12-02 12:18:25 -0800
  [1m[36mActiveRecord::SchemaMigration Load (0.1ms)[0m  [1mSELECT "schema_migrations".* FROM "schema_migrations"[0m
Processing by TalentsController#new as HTML
  [1m[35mStudent Load (0.1ms)[0m  SELECT "students".* FROM "students"
  Rendered talents/_form.html.erb (182.9ms)
  Rendered talents/new.html.erb within layouts/application (186.1ms)
Completed 200 OK in 316ms (Views: 297.6ms | ActiveRecord: 1.0ms)


Started GET "/assets/scaffolds.self-f87378e1e5631c5a0f31ad47b32252c011022219136b0656774854af17337f14.css?body=1" for 127.0.0.1 at 2015-12-02 12:18:26 -0800


Started GET "/assets/application.self-e80e8f2318043e8af94dddc2adad5a4f09739a8ebb323b3ab31cd71d45fd9113.css?body=1" for 127.0.0.1 at 2015-12-02 12:18:26 -0800


Started GET "/assets/jquery.self-a714331225dda820228db323939889f149aec0127aeb06255646b616ba1ca419.js?body=1" for 127.0.0.1 at 2015-12-02 12:18:26 -0800


Started GET "/assets/students.self-e3b0c44298fc1c149afbf4c8996fb92427ae41e4649b934ca495991b7852b855.css?body=1" for 127.0.0.1 at 2015-12-02 12:18:26 -0800


Started GET "/assets/turbolinks.self-c37727e9bd6b2735da5c311aa83fead54ed0be6cc8bd9a65309e9c5abe2cbfff.js?body=1" for 127.0.0.1 at 2015-12-02 12:18:26 -0800


Started GET "/assets/talents.self-e3b0c44298fc1c149afbf4c8996fb92427ae41e4649b934ca495991b7852b855.css?body=1" for 127.0.0.1 at 2015-12-02 12:18:26 -0800


Started GET "/assets/jquery_ujs.self-d456baa54c1fa6be2ec3711f0a72ddf7a5b2f34a6b4f515f33767d6207b7d4b3.js?body=1" for 127.0.0.1 at 2015-12-02 12:18:26 -0800


Started GET "/assets/students.self-877aef30ae1b040ab8a3aba4e3e309a11d7f2612f44dde450b5c157aa5f95c05.js?body=1" for 127.0.0.1 at 2015-12-02 12:18:26 -0800


Started GET "/assets/talents.self-877aef30ae1b040ab8a3aba4e3e309a11d7f2612f44dde450b5c157aa5f95c05.js?body=1" for 127.0.0.1 at 2015-12-02 12:18:26 -0800


Started GET "/assets/application.self-3b8dabdc891efe46b9a144b400ad69e37d7e5876bdc39dee783419a69d7ca819.js?body=1" for 127.0.0.1 at 2015-12-02 12:18:26 -0800


Started POST "/talents" for 127.0.0.1 at 2015-12-02 12:18:35 -0800
Processing by TalentsController#create as HTML
  Parameters: {"utf8"=>"✓", "authenticity_token"=>"J/4yQfTzau3avtKULS1eMBpXt30GGNtoCPXvZxyG/6PNNdRfpSXqItjAkAv/UrUIQBk2BCVszMAZ1BxiEvIFOA==", "talent"=>{"talent"=>"Running", "student_ids"=>["", "1"]}, "commit"=>"Create Talent"}
  [1m[36mStudent Load (0.2ms)[0m  [1mSELECT  "students".* FROM "students" WHERE "students"."id" = ? LIMIT 1[0m  [["id", 1]]
  [1m[35m (0.1ms)[0m  begin transaction
  [1m[36mSQL (0.2ms)[0m  [1mINSERT INTO "talents" ("talent", "created_at", "updated_at") VALUES (?, ?, ?)[0m  [["talent", "Running"], ["created_at", "2015-12-02 20:18:35.806560"], ["updated_at", "2015-12-02 20:18:35.806560"]]
  [1m[35mSQL (0.1ms)[0m  INSERT INTO "students_talents" ("student_id", "talent_id") VALUES (?, ?)  [["student_id", 1], ["talent_id", 1]]
  [1m[36m (164.0ms)[0m  [1mcommit transaction[0m
Redirected to http://localhost:3000/talents/1
Completed 302 Found in 279ms (ActiveRecord: 164.7ms)


Started GET "/talents/1" for 127.0.0.1 at 2015-12-02 12:18:35 -0800
Processing by TalentsController#show as HTML
  Parameters: {"id"=>"1"}
  [1m[35mTalent Load (0.1ms)[0m  SELECT  "talents".* FROM "talents" WHERE "talents"."id" = ? LIMIT 1  [["id", 1]]
  [1m[36mStudent Load (0.2ms)[0m  [1mSELECT "students".* FROM "students" INNER JOIN "students_talents" ON "students"."id" = "students_talents"."student_id" WHERE "students_talents"."talent_id" = ?[0m  [["talent_id", 1]]
  Rendered talents/show.html.erb within layouts/application (13.8ms)
Completed 200 OK in 63ms (Views: 60.4ms | ActiveRecord: 0.3ms)


Started GET "/talents" for 127.0.0.1 at 2015-12-02 12:18:45 -0800
Processing by TalentsController#index as HTML
  [1m[35mTalent Load (0.2ms)[0m  SELECT "talents".* FROM "talents"
  Rendered talents/index.html.erb within layouts/application (3.5ms)
Completed 200 OK in 48ms (Views: 47.7ms | ActiveRecord: 0.2ms)


Started GET "/talents/new" for 127.0.0.1 at 2015-12-02 12:18:47 -0800
Processing by TalentsController#new as HTML
  [1m[36mStudent Load (0.2ms)[0m  [1mSELECT "students".* FROM "students"[0m
  Rendered talents/_form.html.erb (5.7ms)
  Rendered talents/new.html.erb within layouts/application (6.7ms)
Completed 200 OK in 36ms (Views: 34.9ms | ActiveRecord: 0.2ms)


Started POST "/talents" for 127.0.0.1 at 2015-12-02 12:18:53 -0800
Processing by TalentsController#create as HTML
  Parameters: {"utf8"=>"✓", "authenticity_token"=>"+Q4tVDzN47R3qs2xEEekyDZWiXonDlhw54VHTJQGJG4TxctKbRtje3XUjy7COE/wbBgIAwR6T9j2pLRJmnLe9Q==", "talent"=>{"talent"=>"Swimming", "student_ids"=>[""]}, "commit"=>"Create Talent"}
  [1m[35m (0.1ms)[0m  begin transaction
  [1m[36mSQL (0.3ms)[0m  [1mINSERT INTO "talents" ("talent", "created_at", "updated_at") VALUES (?, ?, ?)[0m  [["talent", "Swimming"], ["created_at", "2015-12-02 20:18:53.519149"], ["updated_at", "2015-12-02 20:18:53.519149"]]
  [1m[35m (226.7ms)[0m  commit transaction
Redirected to http://localhost:3000/talents/2
Completed 302 Found in 231ms (ActiveRecord: 227.1ms)


Started GET "/talents/2" for 127.0.0.1 at 2015-12-02 12:18:53 -0800
Processing by TalentsController#show as HTML
  Parameters: {"id"=>"2"}
  [1m[36mTalent Load (0.1ms)[0m  [1mSELECT  "talents".* FROM "talents" WHERE "talents"."id" = ? LIMIT 1[0m  [["id", 2]]
  [1m[35mStudent Load (0.1ms)[0m  SELECT "students".* FROM "students" INNER JOIN "students_talents" ON "students"."id" = "students_talents"."student_id" WHERE "students_talents"."talent_id" = ?  [["talent_id", 2]]
  Rendered talents/show.html.erb within layouts/application (1.3ms)
Completed 200 OK in 29ms (Views: 27.5ms | ActiveRecord: 0.2ms)


Started GET "/talents" for 127.0.0.1 at 2015-12-02 12:18:55 -0800
Processing by TalentsController#index as HTML
  [1m[36mTalent Load (0.1ms)[0m  [1mSELECT "talents".* FROM "talents"[0m
  Rendered talents/index.html.erb within layouts/application (1.0ms)
Completed 200 OK in 33ms (Views: 32.6ms | ActiveRecord: 0.1ms)


Started GET "/talents/2/edit" for 127.0.0.1 at 2015-12-02 12:18:57 -0800
Processing by TalentsController#edit as HTML
  Parameters: {"id"=>"2"}
  [1m[35mTalent Load (0.1ms)[0m  SELECT  "talents".* FROM "talents" WHERE "talents"."id" = ? LIMIT 1  [["id", 2]]
  [1m[36mStudent Load (0.1ms)[0m  [1mSELECT "students".* FROM "students" INNER JOIN "students_talents" ON "students"."id" = "students_talents"."student_id" WHERE "students_talents"."talent_id" = ?[0m  [["talent_id", 2]]
  [1m[35mStudent Load (0.1ms)[0m  SELECT "students".* FROM "students"
  Rendered talents/_form.html.erb (7.5ms)
  Rendered talents/edit.html.erb within layouts/application (9.2ms)
Completed 200 OK in 37ms (Views: 35.9ms | ActiveRecord: 0.4ms)


Started PATCH "/talents/2" for 127.0.0.1 at 2015-12-02 12:19:00 -0800
Processing by TalentsController#update as HTML
  Parameters: {"utf8"=>"✓", "authenticity_token"=>"NcLMbzimDApxnBFXBMkR1T5iS05rcMYGRV3PmHVkHB3fCSpxaXCMxXPiU8jWtvrtZCzKN0gE0a5UfDydexDmhg==", "talent"=>{"talent"=>"Swimming", "student_ids"=>["", "2"]}, "commit"=>"Update Talent", "id"=>"2"}
  [1m[36mTalent Load (0.1ms)[0m  [1mSELECT  "talents".* FROM "talents" WHERE "talents"."id" = ? LIMIT 1[0m  [["id", 2]]
  [1m[35m (0.1ms)[0m  begin transaction
  [1m[36mStudent Load (0.1ms)[0m  [1mSELECT  "students".* FROM "students" WHERE "students"."id" = ? LIMIT 1[0m  [["id", 2]]
  [1m[35mStudent Load (0.0ms)[0m  SELECT "students".* FROM "students" INNER JOIN "students_talents" ON "students"."id" = "students_talents"."student_id" WHERE "students_talents"."talent_id" = ?  [["talent_id", 2]]
  [1m[36mSQL (0.1ms)[0m  [1mINSERT INTO "students_talents" ("talent_id", "student_id") VALUES (?, ?)[0m  [["talent_id", 2], ["student_id", 2]]
  [1m[35m (189.6ms)[0m  commit transaction
Redirected to http://localhost:3000/talents/2
Completed 302 Found in 194ms (ActiveRecord: 190.0ms)


Started GET "/talents/2" for 127.0.0.1 at 2015-12-02 12:19:00 -0800
Processing by TalentsController#show as HTML
  Parameters: {"id"=>"2"}
  [1m[36mTalent Load (0.1ms)[0m  [1mSELECT  "talents".* FROM "talents" WHERE "talents"."id" = ? LIMIT 1[0m  [["id", 2]]
  [1m[35mStudent Load (0.1ms)[0m  SELECT "students".* FROM "students" INNER JOIN "students_talents" ON "students"."id" = "students_talents"."student_id" WHERE "students_talents"."talent_id" = ?  [["talent_id", 2]]
  Rendered talents/show.html.erb within layouts/application (0.9ms)
Completed 200 OK in 23ms (Views: 21.8ms | ActiveRecord: 0.1ms)


Started GET "/talents" for 127.0.0.1 at 2015-12-02 12:19:03 -0800
Processing by TalentsController#index as HTML
  [1m[36mTalent Load (0.2ms)[0m  [1mSELECT "talents".* FROM "talents"[0m
  Rendered talents/index.html.erb within layouts/application (1.4ms)
Completed 200 OK in 23ms (Views: 22.7ms | ActiveRecord: 0.2ms)
